#
# There is insufficient memory for the Java Runtime Environment to continue.
# Native memory allocation (malloc) failed to allocate 1333296 bytes for Chunk::new
# Possible reasons:
#   The system is out of physical RAM or swap space
#   The process is running with CompressedOops enabled, and the Java Heap may be blocking the growth of the native heap
# Possible solutions:
#   Reduce memory load on the system
#   Increase physical memory or swap space
#   Check if swap backing store is full
#   Decrease Java heap size (-Xmx/-Xms)
#   Decrease number of Java threads
#   Decrease Java thread stack sizes (-Xss)
#   Set larger code cache with -XX:ReservedCodeCacheSize=
#   JVM is running with Unscaled Compressed Oops mode in which the Java heap is
#     placed in the first 4GB address space. The Java Heap base address is the
#     maximum limit for the native heap growth. Please use -XX:HeapBaseMinAddress
#     to set the Java Heap base and to place the Java Heap above 4GB virtual address.
# This output file may be truncated or incomplete.
#
#  Out of Memory Error (src/hotspot/share/memory/arena.cpp:197), pid=10148, tid=11052
#
# JRE version: OpenJDK Runtime Environment (11.0.15) (build 11.0.15+0-b2043.56-9505619)
# Java VM: OpenJDK 64-Bit Server VM (11.0.15+0-b2043.56-9505619, mixed mode, tiered, compressed oops, g1 gc, windows-amd64)
# No core dump will be written. Minidumps are not enabled by default on client versions of Windows
#

---------------  S U M M A R Y ------------

Command Line: --add-opens=java.base/java.util=ALL-UNNAMED --add-opens=java.base/java.lang=ALL-UNNAMED --add-opens=java.base/java.lang.invoke=ALL-UNNAMED --add-opens=java.base/java.util=ALL-UNNAMED --add-opens=java.prefs/java.util.prefs=ALL-UNNAMED --add-opens=java.prefs/java.util.prefs=ALL-UNNAMED --add-opens=java.base/java.nio.charset=ALL-UNNAMED --add-opens=java.base/java.net=ALL-UNNAMED --add-opens=java.base/java.util.concurrent.atomic=ALL-UNNAMED -Xmx1536M -Dfile.encoding=windows-1252 -Duser.country=MX -Duser.language=es -Duser.variant org.gradle.launcher.daemon.bootstrap.GradleDaemon 7.5

Host: Intel(R) Core(TM) i3-7020U CPU @ 2.30GHz, 4 cores, 3G,  Windows 10 , 64 bit Build 19041 (10.0.19041.2546)
Time: Tue Apr 11 13:07:37 2023 Hora estándar central (México) elapsed time: 64.705479 seconds (0d 0h 1m 4s)

---------------  T H R E A D  ---------------

Current thread (0x0000019e9dd92000):  JavaThread "C2 CompilerThread0" daemon [_thread_in_native, id=11052, stack(0x0000001dc3a00000,0x0000001dc3b00000)]


Current CompileTask:
C2:  64705 9413       4       org.codehaus.groovy.reflection.ReflectionUtils::checkCanSetAccessible (11 bytes)

Stack: [0x0000001dc3a00000,0x0000001dc3b00000]
Native frames: (J=compiled Java code, j=interpreted, Vv=VM code, C=native code)
V  [jvm.dll+0x64135a]
V  [jvm.dll+0x7d39f9]
V  [jvm.dll+0x7d51b9]
V  [jvm.dll+0x7d58a3]
V  [jvm.dll+0x2691c5]
V  [jvm.dll+0xc1a5c]
V  [jvm.dll+0xc200c]
V  [jvm.dll+0x377462]
V  [jvm.dll+0x342495]
V  [jvm.dll+0x34186a]
V  [jvm.dll+0x2214bd]
V  [jvm.dll+0x220498]
V  [jvm.dll+0x19e851]
V  [jvm.dll+0x230479]
V  [jvm.dll+0x22e5ef]
V  [jvm.dll+0x794de1]
V  [jvm.dll+0x78dc24]
V  [jvm.dll+0x6400f6]
C  [ucrtbase.dll+0x21bb2]
C  [KERNEL32.DLL+0x17614]
C  [ntdll.dll+0x526a1]


---------------  P R O C E S S  ---------------

Threads class SMR info:
_java_thread_list=0x0000019ea75c7e30, length=84, elements={
0x0000019e85479800, 0x0000019e9dd5c800, 0x0000019e9dd61800, 0x0000019e9dd8a000,
0x0000019e9dd8c000, 0x0000019e9dd8f000, 0x0000019e9dd92000, 0x0000019e9dd94000,
0x0000019e9dd9a000, 0x0000019e9e85a000, 0x0000019e9fde6000, 0x0000019ea00f6800,
0x0000019e9fd3f000, 0x0000019e9fac2000, 0x0000019ea0177000, 0x0000019e9f6aa800,
0x0000019e9f3be800, 0x0000019e9f3aa800, 0x0000019e9fa92800, 0x0000019e9e9c5800,
0x0000019ea01af800, 0x0000019ea01ae800, 0x0000019ea01b0800, 0x0000019ea01b1000,
0x0000019ea01ae000, 0x0000019ea01b2000, 0x0000019ea01b3000, 0x0000019ea01b4800,
0x0000019ea01b3800, 0x0000019ea0d9a000, 0x0000019ea0d94800, 0x0000019ea0d98800,
0x0000019ea0d97000, 0x0000019ea0d9b000, 0x0000019ea0d97800, 0x0000019ea0d95800,
0x0000019ea0d9c000, 0x0000019ea0d96000, 0x0000019ea0d9d800, 0x0000019ea0d9e800,
0x0000019ea0da0800, 0x0000019ea0da2800, 0x0000019ea0d9c800, 0x0000019ea0da0000,
0x0000019ea0da1800, 0x0000019ea0da3000, 0x0000019ea0d9f000, 0x0000019ea300d800,
0x0000019ea3009000, 0x0000019ea300b000, 0x0000019ea300e000, 0x0000019ea300f000,
0x0000019ea300b800, 0x0000019ea300f800, 0x0000019ea300a000, 0x0000019ea3011800,
0x0000019ea3010800, 0x0000019ea3012000, 0x0000019ea300c800, 0x0000019ea3017000,
0x0000019ea3014000, 0x0000019ea3013000, 0x0000019ea3014800, 0x0000019ea3015800,
0x0000019ea3016000, 0x0000019ea3018000, 0x0000019ea2c03000, 0x0000019ea2c04000,
0x0000019ea2c06000, 0x0000019ea2c04800, 0x0000019ea2c05800, 0x0000019ea2c08000,
0x0000019ea2c02000, 0x0000019ea2c0a800, 0x0000019ea2c0b000, 0x0000019ea2c09800,
0x0000019ea2c08800, 0x0000019ea2c07000, 0x0000019ea2c0e800, 0x0000019ea2c0d000,
0x0000019ea2c0f000, 0x0000019ea2c11000, 0x0000019ea2c0d800, 0x0000019ea2c10000
}

Java Threads: ( => current thread )
  0x0000019e85479800 JavaThread "main" [_thread_blocked, id=2112, stack(0x0000001dc2e00000,0x0000001dc2f00000)]
  0x0000019e9dd5c800 JavaThread "Reference Handler" daemon [_thread_blocked, id=7764, stack(0x0000001dc3500000,0x0000001dc3600000)]
  0x0000019e9dd61800 JavaThread "Finalizer" daemon [_thread_blocked, id=14724, stack(0x0000001dc3600000,0x0000001dc3700000)]
  0x0000019e9dd8a000 JavaThread "Signal Dispatcher" daemon [_thread_blocked, id=9300, stack(0x0000001dc3700000,0x0000001dc3800000)]
  0x0000019e9dd8c000 JavaThread "Attach Listener" daemon [_thread_blocked, id=7012, stack(0x0000001dc3800000,0x0000001dc3900000)]
  0x0000019e9dd8f000 JavaThread "Service Thread" daemon [_thread_blocked, id=10312, stack(0x0000001dc3900000,0x0000001dc3a00000)]
=>0x0000019e9dd92000 JavaThread "C2 CompilerThread0" daemon [_thread_in_native, id=11052, stack(0x0000001dc3a00000,0x0000001dc3b00000)]
  0x0000019e9dd94000 JavaThread "C1 CompilerThread0" daemon [_thread_blocked, id=15120, stack(0x0000001dc3b00000,0x0000001dc3c00000)]
  0x0000019e9dd9a000 JavaThread "Sweeper thread" daemon [_thread_blocked, id=3744, stack(0x0000001dc3c00000,0x0000001dc3d00000)]
  0x0000019e9e85a000 JavaThread "Common-Cleaner" daemon [_thread_blocked, id=15672, stack(0x0000001dc3d00000,0x0000001dc3e00000)]
  0x0000019e9fde6000 JavaThread "Daemon health stats" [_thread_blocked, id=10576, stack(0x0000001dc4000000,0x0000001dc4100000)]
  0x0000019ea00f6800 JavaThread "Incoming local TCP Connector on port 50566" [_thread_in_native, id=9736, stack(0x0000001dc4100000,0x0000001dc4200000)]
  0x0000019e9fd3f000 JavaThread "Daemon periodic checks" [_thread_blocked, id=7128, stack(0x0000001dc4200000,0x0000001dc4300000)]
  0x0000019e9fac2000 JavaThread "Daemon" [_thread_blocked, id=12904, stack(0x0000001dc4300000,0x0000001dc4400000)]
  0x0000019ea0177000 JavaThread "Handler for socket connection from /127.0.0.1:50566 to /127.0.0.1:50567" [_thread_in_native, id=1156, stack(0x0000001dc4400000,0x0000001dc4500000)]
  0x0000019e9f6aa800 JavaThread "Cancel handler" [_thread_blocked, id=6204, stack(0x0000001dc4500000,0x0000001dc4600000)]
  0x0000019e9f3be800 JavaThread "Daemon worker" [_thread_blocked, id=4504, stack(0x0000001dc4800000,0x0000001dc4900000)]
  0x0000019e9f3aa800 JavaThread "Asynchronous log dispatcher for DefaultDaemonConnection: socket connection from /127.0.0.1:50566 to /127.0.0.1:50567" [_thread_blocked, id=12916, stack(0x0000001dc4900000,0x0000001dc4a00000)]
  0x0000019e9fa92800 JavaThread "Stdin handler" [_thread_blocked, id=5112, stack(0x0000001dc4a00000,0x0000001dc4b00000)]
  0x0000019e9e9c5800 JavaThread "Daemon client event forwarder" [_thread_blocked, id=14508, stack(0x0000001dc4b00000,0x0000001dc4c00000)]
  0x0000019ea01af800 JavaThread "Cache worker for journal cache (C:\Users\guada\.gradle\caches\journal-1)" [_thread_blocked, id=2372, stack(0x0000001dc4c00000,0x0000001dc4d00000)]
  0x0000019ea01ae800 JavaThread "File lock request listener" [_thread_in_native, id=2028, stack(0x0000001dc4d00000,0x0000001dc4e00000)]
  0x0000019ea01b0800 JavaThread "Cache worker for file hash cache (C:\Users\guada\.gradle\caches\7.5\fileHashes)" [_thread_blocked, id=4964, stack(0x0000001dc4e00000,0x0000001dc4f00000)]
  0x0000019ea01b1000 JavaThread "File watcher server" daemon [_thread_in_native, id=7592, stack(0x0000001dc4f00000,0x0000001dc5000000)]
  0x0000019ea01ae000 JavaThread "File watcher consumer" daemon [_thread_blocked, id=7084, stack(0x0000001dc5000000,0x0000001dc5100000)]
  0x0000019ea01b2000 JavaThread "Cache worker for checksums cache (E:\api_practica\android\.gradle\7.5\checksums)" [_thread_blocked, id=10524, stack(0x0000001dc5100000,0x0000001dc5200000)]
  0x0000019ea01b3000 JavaThread "Cache worker for cache directory md-rule (C:\Users\guada\.gradle\caches\7.5\md-rule)" [_thread_blocked, id=3096, stack(0x0000001dc5200000,0x0000001dc5300000)]
  0x0000019ea01b4800 JavaThread "Cache worker for file content cache (C:\Users\guada\.gradle\caches\7.5\fileContent)" [_thread_blocked, id=10728, stack(0x0000001dc5300000,0x0000001dc5400000)]
  0x0000019ea01b3800 JavaThread "Cache worker for file hash cache (E:\api_practica\android\.gradle\7.5\fileHashes)" [_thread_blocked, id=12080, stack(0x0000001dc5400000,0x0000001dc5500000)]
  0x0000019ea0d9a000 JavaThread "Cache worker for cache directory md-supplier (C:\Users\guada\.gradle\caches\7.5\md-supplier)" [_thread_blocked, id=10276, stack(0x0000001dc5500000,0x0000001dc5600000)]
  0x0000019ea0d94800 JavaThread "Cache worker for execution history cache (C:\Users\guada\.gradle\caches\7.5\executionHistory)" [_thread_blocked, id=13080, stack(0x0000001dc5600000,0x0000001dc5700000)]
  0x0000019ea0d98800 JavaThread "jar transforms" [_thread_blocked, id=13360, stack(0x0000001dc5700000,0x0000001dc5800000)]
  0x0000019ea0d97000 JavaThread "jar transforms Thread 2" [_thread_blocked, id=2708, stack(0x0000001dc5800000,0x0000001dc5900000)]
  0x0000019ea0d9b000 JavaThread "jar transforms Thread 3" [_thread_blocked, id=4008, stack(0x0000001dc5900000,0x0000001dc5a00000)]
  0x0000019ea0d97800 JavaThread "jar transforms Thread 4" [_thread_blocked, id=7164, stack(0x0000001dc5a00000,0x0000001dc5b00000)]
  0x0000019ea0d95800 JavaThread "Cache worker for dependencies-accessors (E:\api_practica\android\.gradle\7.5\dependencies-accessors)" [_thread_blocked, id=9976, stack(0x0000001dc5b00000,0x0000001dc5c00000)]
  0x0000019ea0d9c000 JavaThread "Cache worker for Build Output Cleanup Cache (E:\api_practica\android\.gradle\buildOutputCleanup)" [_thread_blocked, id=15588, stack(0x0000001dc5c00000,0x0000001dc5d00000)]
  0x0000019ea0d96000 JavaThread "Unconstrained build operations" [_thread_blocked, id=10256, stack(0x0000001dc5d00000,0x0000001dc5e00000)]
  0x0000019ea0d9d800 JavaThread "Unconstrained build operations Thread 2" [_thread_blocked, id=14324, stack(0x0000001dc5e00000,0x0000001dc5f00000)]
  0x0000019ea0d9e800 JavaThread "Unconstrained build operations Thread 3" [_thread_blocked, id=15768, stack(0x0000001dc5f00000,0x0000001dc6000000)]
  0x0000019ea0da0800 JavaThread "Unconstrained build operations Thread 4" [_thread_blocked, id=11184, stack(0x0000001dc6000000,0x0000001dc6100000)]
  0x0000019ea0da2800 JavaThread "Unconstrained build operations Thread 5" [_thread_blocked, id=10724, stack(0x0000001dc6100000,0x0000001dc6200000)]
  0x0000019ea0d9c800 JavaThread "Unconstrained build operations Thread 6" [_thread_blocked, id=4732, stack(0x0000001dc6200000,0x0000001dc6300000)]
  0x0000019ea0da0000 JavaThread "Unconstrained build operations Thread 7" [_thread_blocked, id=8964, stack(0x0000001dc6300000,0x0000001dc6400000)]
  0x0000019ea0da1800 JavaThread "Unconstrained build operations Thread 8" [_thread_blocked, id=16264, stack(0x0000001dc6400000,0x0000001dc6500000)]
  0x0000019ea0da3000 JavaThread "Unconstrained build operations Thread 9" [_thread_blocked, id=13232, stack(0x0000001dc6500000,0x0000001dc6600000)]
  0x0000019ea0d9f000 JavaThread "Unconstrained build operations Thread 10" [_thread_blocked, id=432, stack(0x0000001dc6600000,0x0000001dc6700000)]
  0x0000019ea300d800 JavaThread "Unconstrained build operations Thread 11" [_thread_blocked, id=12440, stack(0x0000001dc6700000,0x0000001dc6800000)]
  0x0000019ea3009000 JavaThread "Unconstrained build operations Thread 12" [_thread_blocked, id=11488, stack(0x0000001dc6800000,0x0000001dc6900000)]
  0x0000019ea300b000 JavaThread "Unconstrained build operations Thread 13" [_thread_blocked, id=1416, stack(0x0000001dc6900000,0x0000001dc6a00000)]
  0x0000019ea300e000 JavaThread "Unconstrained build operations Thread 14" [_thread_blocked, id=4972, stack(0x0000001dc6a00000,0x0000001dc6b00000)]
  0x0000019ea300f000 JavaThread "Unconstrained build operations Thread 15" [_thread_blocked, id=1236, stack(0x0000001dc6b00000,0x0000001dc6c00000)]
  0x0000019ea300b800 JavaThread "Unconstrained build operations Thread 16" [_thread_blocked, id=9748, stack(0x0000001dc6c00000,0x0000001dc6d00000)]
  0x0000019ea300f800 JavaThread "Unconstrained build operations Thread 17" [_thread_blocked, id=312, stack(0x0000001dc6d00000,0x0000001dc6e00000)]
  0x0000019ea300a000 JavaThread "Unconstrained build operations Thread 18" [_thread_blocked, id=11668, stack(0x0000001dc6e00000,0x0000001dc6f00000)]
  0x0000019ea3011800 JavaThread "Unconstrained build operations Thread 19" [_thread_blocked, id=4192, stack(0x0000001dc6f00000,0x0000001dc7000000)]
  0x0000019ea3010800 JavaThread "Unconstrained build operations Thread 20" [_thread_blocked, id=14864, stack(0x0000001dc7000000,0x0000001dc7100000)]
  0x0000019ea3012000 JavaThread "Unconstrained build operations Thread 21" [_thread_blocked, id=10120, stack(0x0000001dc7100000,0x0000001dc7200000)]
  0x0000019ea300c800 JavaThread "Unconstrained build operations Thread 22" [_thread_blocked, id=14668, stack(0x0000001dc7200000,0x0000001dc7300000)]
  0x0000019ea3017000 JavaThread "Unconstrained build operations Thread 23" [_thread_blocked, id=6768, stack(0x0000001dc7300000,0x0000001dc7400000)]
  0x0000019ea3014000 JavaThread "Unconstrained build operations Thread 24" [_thread_blocked, id=1052, stack(0x0000001dc7400000,0x0000001dc7500000)]
  0x0000019ea3013000 JavaThread "Unconstrained build operations Thread 25" [_thread_blocked, id=14516, stack(0x0000001dc7500000,0x0000001dc7600000)]
  0x0000019ea3014800 JavaThread "Unconstrained build operations Thread 26" [_thread_blocked, id=772, stack(0x0000001dc7600000,0x0000001dc7700000)]
  0x0000019ea3015800 JavaThread "Unconstrained build operations Thread 27" [_thread_blocked, id=13512, stack(0x0000001dc7700000,0x0000001dc7800000)]
  0x0000019ea3016000 JavaThread "Unconstrained build operations Thread 28" [_thread_blocked, id=2428, stack(0x0000001dc7800000,0x0000001dc7900000)]
  0x0000019ea3018000 JavaThread "Unconstrained build operations Thread 29" [_thread_blocked, id=5564, stack(0x0000001dc7900000,0x0000001dc7a00000)]
  0x0000019ea2c03000 JavaThread "Unconstrained build operations Thread 30" [_thread_blocked, id=1248, stack(0x0000001dc7a00000,0x0000001dc7b00000)]
  0x0000019ea2c04000 JavaThread "Unconstrained build operations Thread 31" [_thread_blocked, id=2572, stack(0x0000001dc7b00000,0x0000001dc7c00000)]
  0x0000019ea2c06000 JavaThread "Unconstrained build operations Thread 32" [_thread_blocked, id=3816, stack(0x0000001dc7c00000,0x0000001dc7d00000)]
  0x0000019ea2c04800 JavaThread "Unconstrained build operations Thread 33" [_thread_blocked, id=2376, stack(0x0000001dc7d00000,0x0000001dc7e00000)]
  0x0000019ea2c05800 JavaThread "Unconstrained build operations Thread 34" [_thread_blocked, id=13448, stack(0x0000001dc7e00000,0x0000001dc7f00000)]
  0x0000019ea2c08000 JavaThread "Unconstrained build operations Thread 35" [_thread_blocked, id=16036, stack(0x0000001dc7f00000,0x0000001dc8000000)]
  0x0000019ea2c02000 JavaThread "Unconstrained build operations Thread 36" [_thread_blocked, id=15452, stack(0x0000001dc8000000,0x0000001dc8100000)]
  0x0000019ea2c0a800 JavaThread "Unconstrained build operations Thread 37" [_thread_blocked, id=10952, stack(0x0000001dc8100000,0x0000001dc8200000)]
  0x0000019ea2c0b000 JavaThread "Unconstrained build operations Thread 38" [_thread_blocked, id=4484, stack(0x0000001dc8200000,0x0000001dc8300000)]
  0x0000019ea2c09800 JavaThread "Unconstrained build operations Thread 39" [_thread_blocked, id=16312, stack(0x0000001dc8300000,0x0000001dc8400000)]
  0x0000019ea2c08800 JavaThread "Unconstrained build operations Thread 40" [_thread_blocked, id=8796, stack(0x0000001dc8400000,0x0000001dc8500000)]
  0x0000019ea2c07000 JavaThread "Memory manager" [_thread_blocked, id=13324, stack(0x0000001dc8500000,0x0000001dc8600000)]
  0x0000019ea2c0e800 JavaThread "Cache worker for kotlin-dsl (C:\Users\guada\.gradle\caches\7.5\kotlin-dsl)" [_thread_blocked, id=15272, stack(0x0000001dc8800000,0x0000001dc8900000)]
  0x0000019ea2c0d000 JavaThread "included builds" [_thread_blocked, id=2724, stack(0x0000001dc2b00000,0x0000001dc2c00000)]
  0x0000019ea2c0f000 JavaThread "Execution worker" [_thread_in_Java, id=14928, stack(0x0000001dc2c00000,0x0000001dc2d00000)]
  0x0000019ea2c11000 JavaThread "Execution worker Thread 2" [_thread_blocked, id=13996, stack(0x0000001dc2d00000,0x0000001dc2e00000)]
  0x0000019ea2c0d800 JavaThread "Execution worker Thread 3" [_thread_blocked, id=1636, stack(0x0000001dc8900000,0x0000001dc8a00000)]
  0x0000019ea2c10000 JavaThread "Cache worker for execution history cache (E:\api_practica\android\.gradle\7.5\executionHistory)" [_thread_blocked, id=4396, stack(0x0000001dc8a00000,0x0000001dc8b00000)]

Other Threads:
  0x0000019e9dd39000 VMThread "VM Thread" [stack: 0x0000001dc3400000,0x0000001dc3500000] [id=3948]
  0x0000019e9e88f800 WatcherThread [stack: 0x0000001dc3e00000,0x0000001dc3f00000] [id=16292]
  0x0000019e85490800 GCTaskThread "GC Thread#0" [stack: 0x0000001dc2f00000,0x0000001dc3000000] [id=11996]
  0x0000019e9f2a0000 GCTaskThread "GC Thread#1" [stack: 0x0000001dc3f00000,0x0000001dc4000000] [id=9860]
  0x0000019e9f6ab800 GCTaskThread "GC Thread#2" [stack: 0x0000001dc4600000,0x0000001dc4700000] [id=7188]
  0x0000019e9ea97800 GCTaskThread "GC Thread#3" [stack: 0x0000001dc4700000,0x0000001dc4800000] [id=11856]
  0x0000019e854b7000 ConcurrentGCThread "G1 Main Marker" [stack: 0x0000001dc3000000,0x0000001dc3100000] [id=14028]
  0x0000019e854ba000 ConcurrentGCThread "G1 Conc#0" [stack: 0x0000001dc3100000,0x0000001dc3200000] [id=16092]
  0x0000019e85511800 ConcurrentGCThread "G1 Refine#0" [stack: 0x0000001dc3200000,0x0000001dc3300000] [id=6932]
  0x0000019e85512800 ConcurrentGCThread "G1 Young RemSet Sampling" [stack: 0x0000001dc3300000,0x0000001dc3400000] [id=15640]

Threads with active compile tasks:
C2 CompilerThread0    65217 9413       4       org.codehaus.groovy.reflection.ReflectionUtils::checkCanSetAccessible (11 bytes)

VM state:not at safepoint (normal execution)

VM Mutex/Monitor currently owned by a thread: None

Heap address: 0x00000000a0000000, size: 1536 MB, Compressed Oops mode: 32-bit
Narrow klass base: 0x0000000000000000, Narrow klass shift: 3
Compressed class space size: 1073741824 Address: 0x0000000100000000

Heap:
 garbage-first heap   total 165888K, used 114056K [0x00000000a0000000, 0x0000000100000000)
  region size 1024K, 33 young (33792K), 7 survivors (7168K)
 Metaspace       used 88107K, capacity 90581K, committed 90704K, reserved 1128448K
  class space    used 11550K, capacity 12481K, committed 12544K, reserved 1048576K
Heap Regions: E=young(eden), S=young(survivor), O=old, HS=humongous(starts), HC=humongous(continues), CS=collection set, F=free, A=archive, TAMS=top-at-mark-start (previous, next)
|   0|0x00000000a0000000, 0x00000000a0100000, 0x00000000a0100000|100%|HS|  |TAMS 0x00000000a0100000, 0x00000000a0000000| Complete 
|   1|0x00000000a0100000, 0x00000000a0200000, 0x00000000a0200000|100%|HC|  |TAMS 0x00000000a0200000, 0x00000000a0100000| Complete 
|   2|0x00000000a0200000, 0x00000000a0300000, 0x00000000a0300000|100%|HC|  |TAMS 0x00000000a0300000, 0x00000000a0200000| Complete 
|   3|0x00000000a0300000, 0x00000000a0400000, 0x00000000a0400000|100%| O|  |TAMS 0x00000000a0400000, 0x00000000a0300000| Untracked 
|   4|0x00000000a0400000, 0x00000000a0500000, 0x00000000a0500000|100%| O|  |TAMS 0x00000000a0500000, 0x00000000a0400000| Untracked 
|   5|0x00000000a0500000, 0x00000000a0600000, 0x00000000a0600000|100%| O|  |TAMS 0x00000000a0600000, 0x00000000a0500000| Untracked 
|   6|0x00000000a0600000, 0x00000000a0700000, 0x00000000a0700000|100%| O|  |TAMS 0x00000000a0700000, 0x00000000a0600000| Untracked 
|   7|0x00000000a0700000, 0x00000000a0800000, 0x00000000a0800000|100%| O|  |TAMS 0x00000000a0800000, 0x00000000a0700000| Untracked 
|   8|0x00000000a0800000, 0x00000000a0900000, 0x00000000a0900000|100%| O|  |TAMS 0x00000000a0900000, 0x00000000a0800000| Untracked 
|   9|0x00000000a0900000, 0x00000000a0a00000, 0x00000000a0a00000|100%| O|  |TAMS 0x00000000a0a00000, 0x00000000a0900000| Untracked 
|  10|0x00000000a0a00000, 0x00000000a0b00000, 0x00000000a0b00000|100%| O|  |TAMS 0x00000000a0b00000, 0x00000000a0a00000| Untracked 
|  11|0x00000000a0b00000, 0x00000000a0c00000, 0x00000000a0c00000|100%| O|  |TAMS 0x00000000a0c00000, 0x00000000a0b00000| Untracked 
|  12|0x00000000a0c00000, 0x00000000a0d00000, 0x00000000a0d00000|100%| O|  |TAMS 0x00000000a0d00000, 0x00000000a0c00000| Untracked 
|  13|0x00000000a0d00000, 0x00000000a0e00000, 0x00000000a0e00000|100%| O|  |TAMS 0x00000000a0e00000, 0x00000000a0d00000| Untracked 
|  14|0x00000000a0e00000, 0x00000000a0f00000, 0x00000000a0f00000|100%| O|  |TAMS 0x00000000a0f00000, 0x00000000a0e00000| Untracked 
|  15|0x00000000a0f00000, 0x00000000a1000000, 0x00000000a1000000|100%| O|  |TAMS 0x00000000a1000000, 0x00000000a0f00000| Untracked 
|  16|0x00000000a1000000, 0x00000000a1100000, 0x00000000a1100000|100%| O|  |TAMS 0x00000000a1100000, 0x00000000a1000000| Untracked 
|  17|0x00000000a1100000, 0x00000000a1200000, 0x00000000a1200000|100%| O|  |TAMS 0x00000000a1200000, 0x00000000a1100000| Untracked 
|  18|0x00000000a1200000, 0x00000000a1300000, 0x00000000a1300000|100%| O|  |TAMS 0x00000000a1300000, 0x00000000a1200000| Untracked 
|  19|0x00000000a1300000, 0x00000000a1400000, 0x00000000a1400000|100%| O|  |TAMS 0x00000000a1400000, 0x00000000a1300000| Untracked 
|  20|0x00000000a1400000, 0x00000000a1500000, 0x00000000a1500000|100%| O|  |TAMS 0x00000000a1500000, 0x00000000a1400000| Untracked 
|  21|0x00000000a1500000, 0x00000000a1600000, 0x00000000a1600000|100%| O|  |TAMS 0x00000000a1600000, 0x00000000a1500000| Untracked 
|  22|0x00000000a1600000, 0x00000000a1700000, 0x00000000a1700000|100%| O|  |TAMS 0x00000000a1700000, 0x00000000a1600000| Untracked 
|  23|0x00000000a1700000, 0x00000000a1800000, 0x00000000a1800000|100%| O|  |TAMS 0x00000000a1800000, 0x00000000a1700000| Untracked 
|  24|0x00000000a1800000, 0x00000000a1900000, 0x00000000a1900000|100%| O|  |TAMS 0x00000000a1900000, 0x00000000a1800000| Untracked 
|  25|0x00000000a1900000, 0x00000000a1a00000, 0x00000000a1a00000|100%| O|  |TAMS 0x00000000a1a00000, 0x00000000a1900000| Untracked 
|  26|0x00000000a1a00000, 0x00000000a1b00000, 0x00000000a1b00000|100%| O|  |TAMS 0x00000000a1b00000, 0x00000000a1a00000| Untracked 
|  27|0x00000000a1b00000, 0x00000000a1c00000, 0x00000000a1c00000|100%| O|  |TAMS 0x00000000a1c00000, 0x00000000a1b00000| Untracked 
|  28|0x00000000a1c00000, 0x00000000a1d00000, 0x00000000a1d00000|100%| O|  |TAMS 0x00000000a1d00000, 0x00000000a1c00000| Untracked 
|  29|0x00000000a1d00000, 0x00000000a1e00000, 0x00000000a1e00000|100%| O|  |TAMS 0x00000000a1e00000, 0x00000000a1d00000| Untracked 
|  30|0x00000000a1e00000, 0x00000000a1f00000, 0x00000000a1f00000|100%| O|  |TAMS 0x00000000a1f00000, 0x00000000a1e00000| Untracked 
|  31|0x00000000a1f00000, 0x00000000a2000000, 0x00000000a2000000|100%| O|  |TAMS 0x00000000a2000000, 0x00000000a1f00000| Untracked 
|  32|0x00000000a2000000, 0x00000000a2100000, 0x00000000a2100000|100%| O|  |TAMS 0x00000000a2100000, 0x00000000a2000000| Untracked 
|  33|0x00000000a2100000, 0x00000000a2200000, 0x00000000a2200000|100%|HS|  |TAMS 0x00000000a2200000, 0x00000000a2100000| Complete 
|  34|0x00000000a2200000, 0x00000000a2300000, 0x00000000a2300000|100%|HS|  |TAMS 0x00000000a2300000, 0x00000000a2200000| Complete 
|  35|0x00000000a2300000, 0x00000000a2400000, 0x00000000a2400000|100%|HS|  |TAMS 0x00000000a2400000, 0x00000000a2300000| Complete 
|  36|0x00000000a2400000, 0x00000000a2500000, 0x00000000a2500000|100%| O|  |TAMS 0x00000000a2500000, 0x00000000a2400000| Untracked 
|  37|0x00000000a2500000, 0x00000000a2600000, 0x00000000a2600000|100%| O|  |TAMS 0x00000000a2600000, 0x00000000a2500000| Untracked 
|  38|0x00000000a2600000, 0x00000000a2700000, 0x00000000a2700000|100%|HS|  |TAMS 0x00000000a2700000, 0x00000000a2600000| Complete 
|  39|0x00000000a2700000, 0x00000000a2800000, 0x00000000a2800000|100%|HC|  |TAMS 0x00000000a2800000, 0x00000000a2700000| Complete 
|  40|0x00000000a2800000, 0x00000000a2900000, 0x00000000a2900000|100%|HC|  |TAMS 0x00000000a2900000, 0x00000000a2800000| Complete 
|  41|0x00000000a2900000, 0x00000000a2a00000, 0x00000000a2a00000|100%| O|  |TAMS 0x00000000a2a00000, 0x00000000a2900000| Untracked 
|  42|0x00000000a2a00000, 0x00000000a2b00000, 0x00000000a2b00000|100%| O|  |TAMS 0x00000000a2b00000, 0x00000000a2a00000| Untracked 
|  43|0x00000000a2b00000, 0x00000000a2c00000, 0x00000000a2c00000|100%| O|  |TAMS 0x00000000a2c00000, 0x00000000a2b00000| Untracked 
|  44|0x00000000a2c00000, 0x00000000a2d00000, 0x00000000a2d00000|100%|HS|  |TAMS 0x00000000a2d00000, 0x00000000a2c00000| Complete 
|  45|0x00000000a2d00000, 0x00000000a2e00000, 0x00000000a2e00000|100%|HC|  |TAMS 0x00000000a2e00000, 0x00000000a2d00000| Complete 
|  46|0x00000000a2e00000, 0x00000000a2f00000, 0x00000000a2f00000|100%| O|  |TAMS 0x00000000a2f00000, 0x00000000a2e00000| Untracked 
|  47|0x00000000a2f00000, 0x00000000a3000000, 0x00000000a3000000|100%| O|  |TAMS 0x00000000a3000000, 0x00000000a2f00000| Untracked 
|  48|0x00000000a3000000, 0x00000000a3100000, 0x00000000a3100000|100%| O|  |TAMS 0x00000000a3100000, 0x00000000a3000000| Untracked 
|  49|0x00000000a3100000, 0x00000000a3200000, 0x00000000a3200000|100%| O|  |TAMS 0x00000000a3200000, 0x00000000a3100000| Untracked 
|  50|0x00000000a3200000, 0x00000000a3300000, 0x00000000a3300000|100%| O|  |TAMS 0x00000000a3300000, 0x00000000a3200000| Untracked 
|  51|0x00000000a3300000, 0x00000000a3400000, 0x00000000a3400000|100%| O|  |TAMS 0x00000000a3400000, 0x00000000a3300000| Untracked 
|  52|0x00000000a3400000, 0x00000000a3500000, 0x00000000a3500000|100%| O|  |TAMS 0x00000000a3500000, 0x00000000a3400000| Untracked 
|  53|0x00000000a3500000, 0x00000000a3600000, 0x00000000a3600000|100%| O|  |TAMS 0x00000000a3600000, 0x00000000a3500000| Untracked 
|  54|0x00000000a3600000, 0x00000000a3700000, 0x00000000a3700000|100%| O|  |TAMS 0x00000000a3700000, 0x00000000a3600000| Untracked 
|  55|0x00000000a3700000, 0x00000000a3800000, 0x00000000a3800000|100%| O|  |TAMS 0x00000000a3800000, 0x00000000a3700000| Untracked 
|  56|0x00000000a3800000, 0x00000000a3900000, 0x00000000a3900000|100%| O|  |TAMS 0x00000000a3900000, 0x00000000a3800000| Untracked 
|  57|0x00000000a3900000, 0x00000000a3a00000, 0x00000000a3a00000|100%|HS|  |TAMS 0x00000000a3a00000, 0x00000000a3900000| Complete 
|  58|0x00000000a3a00000, 0x00000000a3b00000, 0x00000000a3b00000|100%|HS|  |TAMS 0x00000000a3b00000, 0x00000000a3a00000| Complete 
|  59|0x00000000a3b00000, 0x00000000a3c00000, 0x00000000a3c00000|100%| O|  |TAMS 0x00000000a3c00000, 0x00000000a3b00000| Untracked 
|  60|0x00000000a3c00000, 0x00000000a3d00000, 0x00000000a3d00000|100%| O|  |TAMS 0x00000000a3d00000, 0x00000000a3c00000| Untracked 
|  61|0x00000000a3d00000, 0x00000000a3e00000, 0x00000000a3e00000|100%| O|  |TAMS 0x00000000a3e00000, 0x00000000a3d00000| Untracked 
|  62|0x00000000a3e00000, 0x00000000a3f00000, 0x00000000a3f00000|100%| O|  |TAMS 0x00000000a3f00000, 0x00000000a3e00000| Untracked 
|  63|0x00000000a3f00000, 0x00000000a4000000, 0x00000000a4000000|100%| O|  |TAMS 0x00000000a4000000, 0x00000000a3f00000| Untracked 
|  64|0x00000000a4000000, 0x00000000a4100000, 0x00000000a4100000|100%| O|  |TAMS 0x00000000a4100000, 0x00000000a4000000| Untracked 
|  65|0x00000000a4100000, 0x00000000a4200000, 0x00000000a4200000|100%| O|  |TAMS 0x00000000a4200000, 0x00000000a4100000| Untracked 
|  66|0x00000000a4200000, 0x00000000a4300000, 0x00000000a4300000|100%| O|  |TAMS 0x00000000a4300000, 0x00000000a4200000| Untracked 
|  67|0x00000000a4300000, 0x00000000a4400000, 0x00000000a4400000|100%| O|  |TAMS 0x00000000a4400000, 0x00000000a4300000| Untracked 
|  68|0x00000000a4400000, 0x00000000a4500000, 0x00000000a4500000|100%| O|  |TAMS 0x00000000a4500000, 0x00000000a4400000| Untracked 
|  69|0x00000000a4500000, 0x00000000a4600000, 0x00000000a4600000|100%| O|  |TAMS 0x00000000a4600000, 0x00000000a4500000| Untracked 
|  70|0x00000000a4600000, 0x00000000a4700000, 0x00000000a4700000|100%| O|  |TAMS 0x00000000a4700000, 0x00000000a4600000| Untracked 
|  71|0x00000000a4700000, 0x00000000a4800000, 0x00000000a4800000|100%| O|  |TAMS 0x00000000a4800000, 0x00000000a4700000| Untracked 
|  72|0x00000000a4800000, 0x00000000a4900000, 0x00000000a4900000|100%| O|  |TAMS 0x00000000a4900000, 0x00000000a4800000| Untracked 
|  73|0x00000000a4900000, 0x00000000a4a00000, 0x00000000a4a00000|100%| O|  |TAMS 0x00000000a4a00000, 0x00000000a4900000| Untracked 
|  74|0x00000000a4a00000, 0x00000000a4b00000, 0x00000000a4b00000|100%| O|  |TAMS 0x00000000a4b00000, 0x00000000a4a00000| Untracked 
|  75|0x00000000a4b00000, 0x00000000a4c00000, 0x00000000a4c00000|100%| O|  |TAMS 0x00000000a4c00000, 0x00000000a4b00000| Untracked 
|  76|0x00000000a4c00000, 0x00000000a4d00000, 0x00000000a4d00000|100%| O|  |TAMS 0x00000000a4c5e200, 0x00000000a4c00000| Untracked 
|  77|0x00000000a4d00000, 0x00000000a4e00000, 0x00000000a4e00000|100%| O|  |TAMS 0x00000000a4d00000, 0x00000000a4d00000| Untracked 
|  78|0x00000000a4e00000, 0x00000000a4f00000, 0x00000000a4f00000|100%| O|  |TAMS 0x00000000a4e00000, 0x00000000a4e00000| Untracked 
|  79|0x00000000a4f00000, 0x00000000a5000000, 0x00000000a5000000|100%| O|  |TAMS 0x00000000a4f00000, 0x00000000a4f00000| Untracked 
|  80|0x00000000a5000000, 0x00000000a501ce00, 0x00000000a5100000| 11%| O|  |TAMS 0x00000000a5000000, 0x00000000a5000000| Untracked 
|  81|0x00000000a5100000, 0x00000000a5100000, 0x00000000a5200000|  0%| F|  |TAMS 0x00000000a5100000, 0x00000000a5100000| Untracked 
|  82|0x00000000a5200000, 0x00000000a5200000, 0x00000000a5300000|  0%| F|  |TAMS 0x00000000a5200000, 0x00000000a5200000| Untracked 
|  83|0x00000000a5300000, 0x00000000a5300000, 0x00000000a5400000|  0%| F|  |TAMS 0x00000000a5300000, 0x00000000a5300000| Untracked 
|  84|0x00000000a5400000, 0x00000000a5400000, 0x00000000a5500000|  0%| F|  |TAMS 0x00000000a5400000, 0x00000000a5400000| Untracked 
|  85|0x00000000a5500000, 0x00000000a5500000, 0x00000000a5600000|  0%| F|  |TAMS 0x00000000a5500000, 0x00000000a5500000| Untracked 
|  86|0x00000000a5600000, 0x00000000a5600000, 0x00000000a5700000|  0%| F|  |TAMS 0x00000000a5600000, 0x00000000a5600000| Untracked 
|  87|0x00000000a5700000, 0x00000000a5700000, 0x00000000a5800000|  0%| F|  |TAMS 0x00000000a5700000, 0x00000000a5700000| Untracked 
|  88|0x00000000a5800000, 0x00000000a5800000, 0x00000000a5900000|  0%| F|  |TAMS 0x00000000a5800000, 0x00000000a5800000| Untracked 
|  89|0x00000000a5900000, 0x00000000a5900000, 0x00000000a5a00000|  0%| F|  |TAMS 0x00000000a5900000, 0x00000000a5900000| Untracked 
|  90|0x00000000a5a00000, 0x00000000a5a00000, 0x00000000a5b00000|  0%| F|  |TAMS 0x00000000a5a00000, 0x00000000a5a00000| Untracked 
|  91|0x00000000a5b00000, 0x00000000a5b00000, 0x00000000a5c00000|  0%| F|  |TAMS 0x00000000a5b00000, 0x00000000a5b00000| Untracked 
|  92|0x00000000a5c00000, 0x00000000a5c00000, 0x00000000a5d00000|  0%| F|  |TAMS 0x00000000a5c00000, 0x00000000a5c00000| Untracked 
|  93|0x00000000a5d00000, 0x00000000a5d00000, 0x00000000a5e00000|  0%| F|  |TAMS 0x00000000a5d00000, 0x00000000a5d00000| Untracked 
|  94|0x00000000a5e00000, 0x00000000a5e00000, 0x00000000a5f00000|  0%| F|  |TAMS 0x00000000a5e00000, 0x00000000a5e00000| Untracked 
|  95|0x00000000a5f00000, 0x00000000a5f00000, 0x00000000a6000000|  0%| F|  |TAMS 0x00000000a5f00000, 0x00000000a5f00000| Untracked 
|  96|0x00000000a6000000, 0x00000000a6000000, 0x00000000a6100000|  0%| F|  |TAMS 0x00000000a6000000, 0x00000000a6000000| Untracked 
|  97|0x00000000a6100000, 0x00000000a6100000, 0x00000000a6200000|  0%| F|  |TAMS 0x00000000a6100000, 0x00000000a6100000| Untracked 
|  98|0x00000000a6200000, 0x00000000a6200000, 0x00000000a6300000|  0%| F|  |TAMS 0x00000000a6200000, 0x00000000a6200000| Untracked 
|  99|0x00000000a6300000, 0x00000000a6300000, 0x00000000a6400000|  0%| F|  |TAMS 0x00000000a6300000, 0x00000000a6300000| Untracked 
| 100|0x00000000a6400000, 0x00000000a6400000, 0x00000000a6500000|  0%| F|  |TAMS 0x00000000a6400000, 0x00000000a6400000| Untracked 
| 101|0x00000000a6500000, 0x00000000a6500000, 0x00000000a6600000|  0%| F|  |TAMS 0x00000000a6500000, 0x00000000a6500000| Untracked 
| 102|0x00000000a6600000, 0x00000000a6600000, 0x00000000a6700000|  0%| F|  |TAMS 0x00000000a6600000, 0x00000000a6600000| Untracked 
| 103|0x00000000a6700000, 0x00000000a6700000, 0x00000000a6800000|  0%| F|  |TAMS 0x00000000a6700000, 0x00000000a6700000| Untracked 
| 104|0x00000000a6800000, 0x00000000a6800000, 0x00000000a6900000|  0%| F|  |TAMS 0x00000000a6800000, 0x00000000a6800000| Untracked 
| 105|0x00000000a6900000, 0x00000000a6900000, 0x00000000a6a00000|  0%| F|  |TAMS 0x00000000a6900000, 0x00000000a6900000| Untracked 
| 106|0x00000000a6a00000, 0x00000000a6a45200, 0x00000000a6b00000| 27%| S|CS|TAMS 0x00000000a6a00000, 0x00000000a6a00000| Complete 
| 107|0x00000000a6b00000, 0x00000000a6b00000, 0x00000000a6c00000|  0%| F|  |TAMS 0x00000000a6b00000, 0x00000000a6b00000| Untracked 
| 108|0x00000000a6c00000, 0x00000000a6c00000, 0x00000000a6d00000|  0%| F|  |TAMS 0x00000000a6c00000, 0x00000000a6c00000| Untracked 
| 109|0x00000000a6d00000, 0x00000000a6d00000, 0x00000000a6e00000|  0%| F|  |TAMS 0x00000000a6d00000, 0x00000000a6d00000| Untracked 
| 110|0x00000000a6e00000, 0x00000000a6e00000, 0x00000000a6f00000|  0%| F|  |TAMS 0x00000000a6e00000, 0x00000000a6e00000| Untracked 
| 111|0x00000000a6f00000, 0x00000000a6f00000, 0x00000000a7000000|  0%| F|  |TAMS 0x00000000a6f00000, 0x00000000a6f00000| Untracked 
| 112|0x00000000a7000000, 0x00000000a7000000, 0x00000000a7100000|  0%| F|  |TAMS 0x00000000a7000000, 0x00000000a7000000| Untracked 
| 113|0x00000000a7100000, 0x00000000a7200000, 0x00000000a7200000|100%| S|CS|TAMS 0x00000000a7100000, 0x00000000a7100000| Complete 
| 114|0x00000000a7200000, 0x00000000a7300000, 0x00000000a7300000|100%| S|CS|TAMS 0x00000000a7200000, 0x00000000a7200000| Complete 
| 115|0x00000000a7300000, 0x00000000a7400000, 0x00000000a7400000|100%| S|CS|TAMS 0x00000000a7300000, 0x00000000a7300000| Complete 
| 116|0x00000000a7400000, 0x00000000a7500000, 0x00000000a7500000|100%| S|CS|TAMS 0x00000000a7400000, 0x00000000a7400000| Complete 
| 117|0x00000000a7500000, 0x00000000a7600000, 0x00000000a7600000|100%| S|CS|TAMS 0x00000000a7500000, 0x00000000a7500000| Complete 
| 118|0x00000000a7600000, 0x00000000a7700000, 0x00000000a7700000|100%| S|CS|TAMS 0x00000000a7600000, 0x00000000a7600000| Complete 
| 119|0x00000000a7700000, 0x00000000a7700000, 0x00000000a7800000|  0%| F|  |TAMS 0x00000000a7700000, 0x00000000a7700000| Untracked 
| 120|0x00000000a7800000, 0x00000000a7800000, 0x00000000a7900000|  0%| F|  |TAMS 0x00000000a7800000, 0x00000000a7800000| Untracked 
| 121|0x00000000a7900000, 0x00000000a7900000, 0x00000000a7a00000|  0%| F|  |TAMS 0x00000000a7900000, 0x00000000a7900000| Untracked 
| 122|0x00000000a7a00000, 0x00000000a7a00000, 0x00000000a7b00000|  0%| F|  |TAMS 0x00000000a7a00000, 0x00000000a7a00000| Untracked 
| 123|0x00000000a7b00000, 0x00000000a7b00000, 0x00000000a7c00000|  0%| F|  |TAMS 0x00000000a7b00000, 0x00000000a7b00000| Untracked 
| 124|0x00000000a7c00000, 0x00000000a7c00000, 0x00000000a7d00000|  0%| F|  |TAMS 0x00000000a7c00000, 0x00000000a7c00000| Untracked 
| 125|0x00000000a7d00000, 0x00000000a7d00000, 0x00000000a7e00000|  0%| F|  |TAMS 0x00000000a7d00000, 0x00000000a7d00000| Untracked 
| 126|0x00000000a7e00000, 0x00000000a7e00000, 0x00000000a7f00000|  0%| F|  |TAMS 0x00000000a7e00000, 0x00000000a7e00000| Untracked 
| 127|0x00000000a7f00000, 0x00000000a7f00000, 0x00000000a8000000|  0%| F|  |TAMS 0x00000000a7f00000, 0x00000000a7f00000| Untracked 
| 128|0x00000000a8000000, 0x00000000a8000000, 0x00000000a8100000|  0%| F|  |TAMS 0x00000000a8000000, 0x00000000a8000000| Untracked 
| 129|0x00000000a8100000, 0x00000000a8100000, 0x00000000a8200000|  0%| F|  |TAMS 0x00000000a8100000, 0x00000000a8100000| Untracked 
| 130|0x00000000a8200000, 0x00000000a8200000, 0x00000000a8300000|  0%| F|  |TAMS 0x00000000a8200000, 0x00000000a8200000| Untracked 
| 131|0x00000000a8300000, 0x00000000a8300000, 0x00000000a8400000|  0%| F|  |TAMS 0x00000000a8300000, 0x00000000a8300000| Untracked 
| 132|0x00000000a8400000, 0x00000000a8400000, 0x00000000a8500000|  0%| F|  |TAMS 0x00000000a8400000, 0x00000000a8400000| Untracked 
| 133|0x00000000a8500000, 0x00000000a8500000, 0x00000000a8600000|  0%| F|  |TAMS 0x00000000a8500000, 0x00000000a8500000| Untracked 
| 134|0x00000000a8600000, 0x00000000a8600000, 0x00000000a8700000|  0%| F|  |TAMS 0x00000000a8600000, 0x00000000a8600000| Untracked 
| 135|0x00000000a8700000, 0x00000000a8700000, 0x00000000a8800000|  0%| F|  |TAMS 0x00000000a8700000, 0x00000000a8700000| Untracked 
| 136|0x00000000a8800000, 0x00000000a8856870, 0x00000000a8900000| 33%| E|  |TAMS 0x00000000a8800000, 0x00000000a8800000| Complete 
| 137|0x00000000a8900000, 0x00000000a8a00000, 0x00000000a8a00000|100%| E|CS|TAMS 0x00000000a8900000, 0x00000000a8900000| Complete 
| 138|0x00000000a8a00000, 0x00000000a8b00000, 0x00000000a8b00000|100%| E|CS|TAMS 0x00000000a8a00000, 0x00000000a8a00000| Complete 
| 139|0x00000000a8b00000, 0x00000000a8c00000, 0x00000000a8c00000|100%| E|CS|TAMS 0x00000000a8b00000, 0x00000000a8b00000| Complete 
| 140|0x00000000a8c00000, 0x00000000a8d00000, 0x00000000a8d00000|100%| E|CS|TAMS 0x00000000a8c00000, 0x00000000a8c00000| Complete 
| 141|0x00000000a8d00000, 0x00000000a8e00000, 0x00000000a8e00000|100%| E|CS|TAMS 0x00000000a8d00000, 0x00000000a8d00000| Complete 
| 142|0x00000000a8e00000, 0x00000000a8f00000, 0x00000000a8f00000|100%| E|CS|TAMS 0x00000000a8e00000, 0x00000000a8e00000| Complete 
| 143|0x00000000a8f00000, 0x00000000a9000000, 0x00000000a9000000|100%| E|CS|TAMS 0x00000000a8f00000, 0x00000000a8f00000| Complete 
| 144|0x00000000a9000000, 0x00000000a9100000, 0x00000000a9100000|100%| E|CS|TAMS 0x00000000a9000000, 0x00000000a9000000| Complete 
| 145|0x00000000a9100000, 0x00000000a9200000, 0x00000000a9200000|100%| E|CS|TAMS 0x00000000a9100000, 0x00000000a9100000| Complete 
| 146|0x00000000a9200000, 0x00000000a9300000, 0x00000000a9300000|100%| E|CS|TAMS 0x00000000a9200000, 0x00000000a9200000| Complete 
| 147|0x00000000a9300000, 0x00000000a9400000, 0x00000000a9400000|100%| E|CS|TAMS 0x00000000a9300000, 0x00000000a9300000| Complete 
| 148|0x00000000a9400000, 0x00000000a9500000, 0x00000000a9500000|100%| E|CS|TAMS 0x00000000a9400000, 0x00000000a9400000| Complete 
| 149|0x00000000a9500000, 0x00000000a9600000, 0x00000000a9600000|100%| E|CS|TAMS 0x00000000a9500000, 0x00000000a9500000| Complete 
| 150|0x00000000a9600000, 0x00000000a9700000, 0x00000000a9700000|100%| E|CS|TAMS 0x00000000a9600000, 0x00000000a9600000| Complete 
| 151|0x00000000a9700000, 0x00000000a9800000, 0x00000000a9800000|100%| E|CS|TAMS 0x00000000a9700000, 0x00000000a9700000| Complete 
| 152|0x00000000a9800000, 0x00000000a9900000, 0x00000000a9900000|100%| E|CS|TAMS 0x00000000a9800000, 0x00000000a9800000| Complete 
| 153|0x00000000a9900000, 0x00000000a9a00000, 0x00000000a9a00000|100%| E|CS|TAMS 0x00000000a9900000, 0x00000000a9900000| Complete 
| 154|0x00000000a9a00000, 0x00000000a9b00000, 0x00000000a9b00000|100%| E|CS|TAMS 0x00000000a9a00000, 0x00000000a9a00000| Complete 
| 155|0x00000000a9b00000, 0x00000000a9c00000, 0x00000000a9c00000|100%| E|CS|TAMS 0x00000000a9b00000, 0x00000000a9b00000| Complete 
| 156|0x00000000a9c00000, 0x00000000a9d00000, 0x00000000a9d00000|100%| E|CS|TAMS 0x00000000a9c00000, 0x00000000a9c00000| Complete 
| 157|0x00000000a9d00000, 0x00000000a9e00000, 0x00000000a9e00000|100%| E|CS|TAMS 0x00000000a9d00000, 0x00000000a9d00000| Complete 
| 158|0x00000000a9e00000, 0x00000000a9f00000, 0x00000000a9f00000|100%| E|CS|TAMS 0x00000000a9e00000, 0x00000000a9e00000| Complete 
| 159|0x00000000a9f00000, 0x00000000aa000000, 0x00000000aa000000|100%| E|CS|TAMS 0x00000000a9f00000, 0x00000000a9f00000| Complete 
| 160|0x00000000aa000000, 0x00000000aa100000, 0x00000000aa100000|100%| E|CS|TAMS 0x00000000aa000000, 0x00000000aa000000| Complete 
| 161|0x00000000aa100000, 0x00000000aa200000, 0x00000000aa200000|100%| E|CS|TAMS 0x00000000aa100000, 0x00000000aa100000| Complete 

Card table byte_map: [0x0000019e982a0000,0x0000019e985a0000] _byte_map_base: 0x0000019e97da0000

Marking Bits (Prev, Next): (CMBitMap*) 0x0000019e854b02f8, (CMBitMap*) 0x0000019e854b0330
 Prev Bits: [0x0000019e988a0000, 0x0000019e9a0a0000)
 Next Bits: [0x0000019e9a0a0000, 0x0000019e9b8a0000)

Polling page: 0x0000019e84c50000

Metaspace:

Usage:
  Non-class:     76.27 MB capacity,    74.76 MB ( 98%) used,     1.26 MB (  2%) free+waste,   254.88 KB ( <1%) overhead. 
      Class:     12.19 MB capacity,    11.28 MB ( 93%) used,   811.87 KB (  7%) free+waste,   118.50 KB ( <1%) overhead. 
       Both:     88.46 MB capacity,    86.04 MB ( 97%) used,     2.05 MB (  2%) free+waste,   373.38 KB ( <1%) overhead. 

Virtual space:
  Non-class space:       78.00 MB reserved,      76.33 MB ( 98%) committed 
      Class space:        1.00 GB reserved,      12.25 MB (  1%) committed 
             Both:        1.08 GB reserved,      88.58 MB (  8%) committed 

Chunk freelists:
   Non-Class:  60.00 KB
       Class:  0 bytes
        Both:  60.00 KB

MaxMetaspaceSize: 17179869184.00 GB
CompressedClassSpaceSize: 1.00 GB
Initial GC threshold: 20.80 MB
Current GC threshold: 138.46 MB
CDS: off

CodeHeap 'non-profiled nmethods': size=120064Kb used=4887Kb max_used=4887Kb free=115176Kb
 bounds [0x0000019e90a60000, 0x0000019e90f30000, 0x0000019e97fa0000]
CodeHeap 'profiled nmethods': size=120000Kb used=20083Kb max_used=20083Kb free=99916Kb
 bounds [0x0000019e89530000, 0x0000019e8a8d0000, 0x0000019e90a60000]
CodeHeap 'non-nmethods': size=5696Kb used=2374Kb max_used=2425Kb free=3321Kb
 bounds [0x0000019e88fa0000, 0x0000019e89210000, 0x0000019e89530000]
 total_blobs=10143 nmethods=9246 adapters=809
 compilation: enabled
              stopped_count=0, restarted_count=0
 full_count=0

Compilation events (20 events):
Event: 63.167 Thread 0x0000019e9dd92000 nmethod 9402 0x0000019e90f24910 code [0x0000019e90f24ac0, 0x0000019e90f24bb8]
Event: 63.238 Thread 0x0000019e9dd94000 9405       3       org.gradle.api.internal.tasks.properties.bean.AbstractNestedRuntimeBeanNode$BeanPropertyValue::call (10 bytes)
Event: 63.238 Thread 0x0000019e9dd94000 nmethod 9405 0x0000019e8a8c9c90 code [0x0000019e8a8c9e40, 0x0000019e8a8ca008]
Event: 63.253 Thread 0x0000019e9dd92000 9406       4       java.nio.ByteBuffer::clear (5 bytes)
Event: 63.255 Thread 0x0000019e9dd92000 nmethod 9406 0x0000019e90f24c90 code [0x0000019e90f24e20, 0x0000019e90f24eb8]
Event: 63.273 Thread 0x0000019e9dd92000 9407       4       java.lang.invoke.MethodHandleNatives::refKindIsField (32 bytes)
Event: 63.273 Thread 0x0000019e9dd92000 nmethod 9407 0x0000019e90f24f90 code [0x0000019e90f25120, 0x0000019e90f25178]
Event: 63.318 Thread 0x0000019e9dd92000 9408       4       java.lang.invoke.MemberName::initResolved (53 bytes)
Event: 63.320 Thread 0x0000019e9dd92000 nmethod 9408 0x0000019e90f25290 code [0x0000019e90f25420, 0x0000019e90f25538]
Event: 63.645 Thread 0x0000019e9dd94000 9410       3       groovyjarjarasm.asm.Handler::getExceptionTableSize (10 bytes)
Event: 63.647 Thread 0x0000019e9dd94000 nmethod 9410 0x0000019e8a8ca110 code [0x0000019e8a8ca2c0, 0x0000019e8a8ca4b8]
Event: 63.647 Thread 0x0000019e9dd94000 9411       3       groovyjarjarasm.asm.ByteVector::putByteArray (49 bytes)
Event: 63.649 Thread 0x0000019e9dd94000 nmethod 9411 0x0000019e8a8ca610 code [0x0000019e8a8ca7e0, 0x0000019e8a8caa98]
Event: 63.718 Thread 0x0000019e9dd92000 9412       4       java.lang.reflect.ProxyGenerator$ConstantPool$IndirectEntry::write (61 bytes)
Event: 63.724 Thread 0x0000019e9dd92000 nmethod 9412 0x0000019e90f25890 code [0x0000019e90f25a40, 0x0000019e90f25b78]
Event: 64.414 Thread 0x0000019e9dd92000 9413       4       org.codehaus.groovy.reflection.ReflectionUtils::checkCanSetAccessible (11 bytes)
Event: 64.617 Thread 0x0000019e9dd94000 9418       3       org.codehaus.groovy.reflection.CachedClass::getNewMetaMethods (166 bytes)
Event: 64.625 Thread 0x0000019e9dd94000 nmethod 9418 0x0000019e8a8cab90 code [0x0000019e8a8caec0, 0x0000019e8a8cc2c8]
Event: 64.625 Thread 0x0000019e9dd94000 9419       3       java.lang.CharacterDataLatin1::digit (32 bytes)
Event: 64.625 Thread 0x0000019e9dd94000 nmethod 9419 0x0000019e8a8cc910 code [0x0000019e8a8ccac0, 0x0000019e8a8cccf8]

GC Heap History (20 events):
Event: 42.126 GC heap before
{Heap before GC invocations=56 (full 0):
 garbage-first heap   total 114688K, used 87095K [0x00000000a0000000, 0x0000000100000000)
  region size 1024K, 27 young (27648K), 3 survivors (3072K)
 Metaspace       used 68392K, capacity 70149K, committed 70352K, reserved 1110016K
  class space    used 8608K, capacity 9296K, committed 9344K, reserved 1048576K
}
Event: 42.139 GC heap after
{Heap after GC invocations=57 (full 0):
 garbage-first heap   total 114688K, used 67182K [0x00000000a0000000, 0x0000000100000000)
  region size 1024K, 4 young (4096K), 4 survivors (4096K)
 Metaspace       used 68392K, capacity 70149K, committed 70352K, reserved 1110016K
  class space    used 8608K, capacity 9296K, committed 9344K, reserved 1048576K
}
Event: 42.606 GC heap before
{Heap before GC invocations=57 (full 0):
 garbage-first heap   total 114688K, used 88686K [0x00000000a0000000, 0x0000000100000000)
  region size 1024K, 25 young (25600K), 4 survivors (4096K)
 Metaspace       used 68656K, capacity 70577K, committed 70736K, reserved 1110016K
  class space    used 8653K, capacity 9374K, committed 9472K, reserved 1048576K
}
Event: 42.622 GC heap after
{Heap after GC invocations=58 (full 0):
 garbage-first heap   total 114688K, used 68634K [0x00000000a0000000, 0x0000000100000000)
  region size 1024K, 2 young (2048K), 2 survivors (2048K)
 Metaspace       used 68656K, capacity 70577K, committed 70736K, reserved 1110016K
  class space    used 8653K, capacity 9374K, committed 9472K, reserved 1048576K
}
Event: 43.538 GC heap before
{Heap before GC invocations=59 (full 0):
 garbage-first heap   total 114688K, used 90138K [0x00000000a0000000, 0x0000000100000000)
  region size 1024K, 23 young (23552K), 2 survivors (2048K)
 Metaspace       used 69473K, capacity 71370K, committed 71632K, reserved 1112064K
  class space    used 8806K, capacity 9537K, committed 9600K, reserved 1048576K
}
Event: 43.549 GC heap after
{Heap after GC invocations=60 (full 0):
 garbage-first heap   total 138240K, used 69128K [0x00000000a0000000, 0x0000000100000000)
  region size 1024K, 2 young (2048K), 2 survivors (2048K)
 Metaspace       used 69473K, capacity 71370K, committed 71632K, reserved 1112064K
  class space    used 8806K, capacity 9537K, committed 9600K, reserved 1048576K
}
Event: 44.342 GC heap before
{Heap before GC invocations=60 (full 0):
 garbage-first heap   total 138240K, used 100872K [0x00000000a0000000, 0x0000000100000000)
  region size 1024K, 33 young (33792K), 2 survivors (2048K)
 Metaspace       used 69812K, capacity 71721K, committed 71888K, reserved 1112064K
  class space    used 8852K, capacity 9586K, committed 9600K, reserved 1048576K
}
Event: 44.353 GC heap after
{Heap after GC invocations=61 (full 0):
 garbage-first heap   total 138240K, used 71082K [0x00000000a0000000, 0x0000000100000000)
  region size 1024K, 4 young (4096K), 4 survivors (4096K)
 Metaspace       used 69812K, capacity 71721K, committed 71888K, reserved 1112064K
  class space    used 8852K, capacity 9586K, committed 9600K, reserved 1048576K
}
Event: 45.487 GC heap before
{Heap before GC invocations=62 (full 0):
 garbage-first heap   total 138240K, used 102826K [0x00000000a0000000, 0x0000000100000000)
  region size 1024K, 35 young (35840K), 4 survivors (4096K)
 Metaspace       used 71449K, capacity 73457K, committed 73680K, reserved 1114112K
  class space    used 9063K, capacity 9803K, committed 9856K, reserved 1048576K
}
Event: 45.502 GC heap after
{Heap after GC invocations=63 (full 0):
 garbage-first heap   total 138240K, used 73238K [0x00000000a0000000, 0x0000000100000000)
  region size 1024K, 5 young (5120K), 5 survivors (5120K)
 Metaspace       used 71449K, capacity 73457K, committed 73680K, reserved 1114112K
  class space    used 9063K, capacity 9803K, committed 9856K, reserved 1048576K
}
Event: 47.005 GC heap before
{Heap before GC invocations=63 (full 0):
 garbage-first heap   total 138240K, used 106006K [0x00000000a0000000, 0x0000000100000000)
  region size 1024K, 37 young (37888K), 5 survivors (5120K)
 Metaspace       used 74956K, capacity 76983K, committed 77136K, reserved 1116160K
  class space    used 9698K, capacity 10436K, committed 10496K, reserved 1048576K
}
Event: 47.027 GC heap after
{Heap after GC invocations=64 (full 0):
 garbage-first heap   total 138240K, used 75047K [0x00000000a0000000, 0x0000000100000000)
  region size 1024K, 4 young (4096K), 4 survivors (4096K)
 Metaspace       used 74956K, capacity 76983K, committed 77136K, reserved 1116160K
  class space    used 9698K, capacity 10436K, committed 10496K, reserved 1048576K
}
Event: 48.692 GC heap before
{Heap before GC invocations=65 (full 0):
 garbage-first heap   total 138240K, used 107815K [0x00000000a0000000, 0x0000000100000000)
  region size 1024K, 36 young (36864K), 4 survivors (4096K)
 Metaspace       used 76637K, capacity 78749K, committed 78928K, reserved 1118208K
  class space    used 9923K, capacity 10679K, committed 10752K, reserved 1048576K
}
Event: 48.753 GC heap after
{Heap after GC invocations=66 (full 0):
 garbage-first heap   total 165888K, used 77773K [0x00000000a0000000, 0x0000000100000000)
  region size 1024K, 5 young (5120K), 5 survivors (5120K)
 Metaspace       used 76637K, capacity 78749K, committed 78928K, reserved 1118208K
  class space    used 9923K, capacity 10679K, committed 10752K, reserved 1048576K
}
Event: 51.138 GC heap before
{Heap before GC invocations=66 (full 0):
 garbage-first heap   total 165888K, used 119757K [0x00000000a0000000, 0x0000000100000000)
  region size 1024K, 46 young (47104K), 5 survivors (5120K)
 Metaspace       used 78545K, capacity 80668K, committed 80848K, reserved 1120256K
  class space    used 10211K, capacity 11049K, committed 11136K, reserved 1048576K
}
Event: 51.158 GC heap after
{Heap after GC invocations=67 (full 0):
 garbage-first heap   total 165888K, used 81636K [0x00000000a0000000, 0x0000000100000000)
  region size 1024K, 6 young (6144K), 6 survivors (6144K)
 Metaspace       used 78545K, capacity 80668K, committed 80848K, reserved 1120256K
  class space    used 10211K, capacity 11049K, committed 11136K, reserved 1048576K
}
Event: 52.847 GC heap before
{Heap before GC invocations=67 (full 0):
 garbage-first heap   total 165888K, used 125668K [0x00000000a0000000, 0x0000000100000000)
  region size 1024K, 49 young (50176K), 6 survivors (6144K)
 Metaspace       used 82272K, capacity 84574K, committed 84816K, reserved 1122304K
  class space    used 10774K, capacity 11679K, committed 11776K, reserved 1048576K
}
Event: 52.905 GC heap after
{Heap after GC invocations=68 (full 0):
 garbage-first heap   total 165888K, used 84344K [0x00000000a0000000, 0x0000000100000000)
  region size 1024K, 6 young (6144K), 6 survivors (6144K)
 Metaspace       used 82272K, capacity 84574K, committed 84816K, reserved 1122304K
  class space    used 10774K, capacity 11679K, committed 11776K, reserved 1048576K
}
Event: 60.169 GC heap before
{Heap before GC invocations=69 (full 0):
 garbage-first heap   total 165888K, used 128376K [0x00000000a0000000, 0x0000000100000000)
  region size 1024K, 49 young (50176K), 6 survivors (6144K)
 Metaspace       used 86373K, capacity 88680K, committed 88912K, reserved 1126400K
  class space    used 11291K, capacity 12177K, committed 12288K, reserved 1048576K
}
Event: 60.289 GC heap after
{Heap after GC invocations=70 (full 0):
 garbage-first heap   total 165888K, used 88456K [0x00000000a0000000, 0x0000000100000000)
  region size 1024K, 7 young (7168K), 7 survivors (7168K)
 Metaspace       used 86373K, capacity 88680K, committed 88912K, reserved 1126400K
  class space    used 11291K, capacity 12177K, committed 12288K, reserved 1048576K
}

Deoptimization events (20 events):
Event: 62.963 Thread 0x0000019ea2c0f000 DEOPT PACKING pc=0x0000019e90ba6ff0 sp=0x0000001dc2cfe2c0
Event: 62.963 Thread 0x0000019ea2c0f000 DEOPT UNPACKING pc=0x0000019e88fea1af sp=0x0000001dc2cfe260 mode 2
Event: 62.986 Thread 0x0000019ea2c0f000 Uncommon trap: trap_request=0xffffffc6 fr.pc=0x0000019e90ba6ff0 relative=0x00000000000004d0
Event: 62.986 Thread 0x0000019ea2c0f000 Uncommon trap: reason=bimorphic_or_optimized_type_check action=maybe_recompile pc=0x0000019e90ba6ff0 method=java.util.Spliterators$IteratorSpliterator.tryAdvance(Ljava/util/function/Consumer;)Z @ 50 c2
Event: 62.986 Thread 0x0000019ea2c0f000 DEOPT PACKING pc=0x0000019e90ba6ff0 sp=0x0000001dc2cfe2c0
Event: 62.986 Thread 0x0000019ea2c0f000 DEOPT UNPACKING pc=0x0000019e88fea1af sp=0x0000001dc2cfe260 mode 2
Event: 62.986 Thread 0x0000019ea2c0f000 Uncommon trap: trap_request=0xffffffc6 fr.pc=0x0000019e90ba6ff0 relative=0x00000000000004d0
Event: 62.986 Thread 0x0000019ea2c0f000 Uncommon trap: reason=bimorphic_or_optimized_type_check action=maybe_recompile pc=0x0000019e90ba6ff0 method=java.util.Spliterators$IteratorSpliterator.tryAdvance(Ljava/util/function/Consumer;)Z @ 50 c2
Event: 62.986 Thread 0x0000019ea2c0f000 DEOPT PACKING pc=0x0000019e90ba6ff0 sp=0x0000001dc2cfe2c0
Event: 62.986 Thread 0x0000019ea2c0f000 DEOPT UNPACKING pc=0x0000019e88fea1af sp=0x0000001dc2cfe260 mode 2
Event: 62.986 Thread 0x0000019ea2c0f000 Uncommon trap: trap_request=0xffffffc6 fr.pc=0x0000019e90ba6ff0 relative=0x00000000000004d0
Event: 62.986 Thread 0x0000019ea2c0f000 Uncommon trap: reason=bimorphic_or_optimized_type_check action=maybe_recompile pc=0x0000019e90ba6ff0 method=java.util.Spliterators$IteratorSpliterator.tryAdvance(Ljava/util/function/Consumer;)Z @ 50 c2
Event: 62.986 Thread 0x0000019ea2c0f000 DEOPT PACKING pc=0x0000019e90ba6ff0 sp=0x0000001dc2cfe2c0
Event: 62.986 Thread 0x0000019ea2c0f000 DEOPT UNPACKING pc=0x0000019e88fea1af sp=0x0000001dc2cfe260 mode 2
Event: 63.183 Thread 0x0000019ea2c0f000 Uncommon trap: trap_request=0xffffff4d fr.pc=0x0000019e90db480c relative=0x000000000000080c
Event: 63.183 Thread 0x0000019ea2c0f000 Uncommon trap: reason=unstable_if action=reinterpret pc=0x0000019e90db480c method=org.gradle.internal.snapshot.VfsRelativePath.lengthOfCommonPrefix(Ljava/lang/String;Lorg/gradle/internal/snapshot/CaseSensitivity;)I @ 117 c2
Event: 63.183 Thread 0x0000019ea2c0f000 DEOPT PACKING pc=0x0000019e90db480c sp=0x0000001dc2cfc060
Event: 63.183 Thread 0x0000019ea2c0f000 DEOPT UNPACKING pc=0x0000019e88fea1af sp=0x0000001dc2cfc000 mode 2
Event: 64.428 Thread 0x0000019ea2c0f000 DEOPT PACKING pc=0x0000019e89c8a659 sp=0x0000001dc2cfa6f0
Event: 64.428 Thread 0x0000019ea2c0f000 DEOPT UNPACKING pc=0x0000019e88fea95e sp=0x0000001dc2cf9c00 mode 0

Classes redefined (0 events):
No events

Internal exceptions (20 events):
Event: 51.235 Thread 0x0000019e9f3be800 Exception <a 'java/lang/ClassNotFoundException'{0x00000000aa0f9890}: org/gradle/api/tasks/DeleteBeanInfo> (0x00000000aa0f9890) thrown at [src/hotspot/share/classfile/systemDictionary.cpp, line 230]
Event: 51.237 Thread 0x0000019e9f3be800 Exception <a 'java/lang/ClassNotFoundException'{0x00000000a9f268c8}: org/gradle/api/tasks/DeleteCustomizer> (0x00000000a9f268c8) thrown at [src/hotspot/share/classfile/systemDictionary.cpp, line 230]
Event: 51.239 Thread 0x0000019e9f3be800 Exception <a 'java/lang/ClassNotFoundException'{0x00000000a9f6ae08}: org/gradle/api/tasks/Delete_DecoratedCustomizer> (0x00000000a9f6ae08) thrown at [src/hotspot/share/classfile/systemDictionary.cpp, line 230]
Event: 51.577 Thread 0x0000019e9f3be800 Exception <a 'java/lang/NoSuchMethodError'{0x00000000a97f46e8}: 'void java.lang.invoke.DirectMethodHandle$Holder.invokeInterface(java.lang.Object, java.lang.Object)'> (0x00000000a97f46e8) thrown at [src/hotspot/share/interpreter/linkResolver.cpp, line 773]
Event: 52.310 Thread 0x0000019e9f3be800 Exception <a 'sun/nio/fs/WindowsException'{0x00000000a8432960}> (0x00000000a8432960) thrown at [src/hotspot/share/prims/jni.cpp, line 617]
Event: 52.311 Thread 0x0000019e9f3be800 Exception <a 'sun/nio/fs/WindowsException'{0x00000000a8432d40}> (0x00000000a8432d40) thrown at [src/hotspot/share/prims/jni.cpp, line 617]
Event: 52.681 Thread 0x0000019e9f3be800 Exception <a 'java/lang/NullPointerException'{0x00000000a7a7dc68}> (0x00000000a7a7dc68) thrown at [src/hotspot/share/interpreter/linkResolver.cpp, line 1440]
Event: 55.424 Thread 0x0000019e9f3be800 Exception <a 'java/lang/NoSuchMethodError'{0x00000000a944c4d8}: 'int java.lang.invoke.DirectMethodHandle$Holder.invokeStatic(java.lang.Object, java.lang.Object, int, java.lang.Object)'> (0x00000000a944c4d8) thrown at [src/hotspot/share/interpreter/linkResolver.cpp, line 773]
Event: 57.993 Thread 0x0000019e9f3be800 Exception <a 'sun/nio/fs/WindowsException'{0x00000000a93a7338}> (0x00000000a93a7338) thrown at [src/hotspot/share/prims/jni.cpp, line 617]
Event: 57.993 Thread 0x0000019e9f3be800 Exception <a 'sun/nio/fs/WindowsException'{0x00000000a93a86c8}> (0x00000000a93a86c8) thrown at [src/hotspot/share/prims/jni.cpp, line 617]
Event: 57.993 Thread 0x0000019e9f3be800 Exception <a 'sun/nio/fs/WindowsException'{0x00000000a93a9a90}> (0x00000000a93a9a90) thrown at [src/hotspot/share/prims/jni.cpp, line 617]
Event: 57.993 Thread 0x0000019e9f3be800 Exception <a 'sun/nio/fs/WindowsException'{0x00000000a93aae58}> (0x00000000a93aae58) thrown at [src/hotspot/share/prims/jni.cpp, line 617]
Event: 59.703 Thread 0x0000019e9f3be800 Exception <a 'java/lang/NoSuchMethodError'{0x00000000a790ddc0}: 'java.lang.Object java.lang.invoke.Invokers$Holder.linkToTargetMethod(java.lang.Object, java.lang.Object, java.lang.Object, int, java.lang.Object, java.lang.Object)'> (0x00000000a790ddc0) thrown at [src/hotspot/share/interpreter/linkResolver.cpp, line 773]
Event: 60.084 Thread 0x0000019e9f3be800 Exception <a 'java/lang/ClassNotFoundException'{0x00000000a78b4810}: org/gradle/api/internal/file/collections/DefaultConfigurableFileCollectionBeanInfo> (0x00000000a78b4810) thrown at [src/hotspot/share/classfile/systemDictionary.cpp, line 230]
Event: 60.085 Thread 0x0000019e9f3be800 Exception <a 'java/lang/ClassNotFoundException'{0x00000000a78cea28}: org/gradle/api/internal/file/CompositeFileCollectionBeanInfo> (0x00000000a78cea28) thrown at [src/hotspot/share/classfile/systemDictionary.cpp, line 230]
Event: 60.089 Thread 0x0000019e9f3be800 Exception <a 'java/lang/ClassNotFoundException'{0x00000000a78e8e40}: org/gradle/api/internal/file/CompositeFileCollectionCustomizer> (0x00000000a78e8e40) thrown at [src/hotspot/share/classfile/systemDictionary.cpp, line 230]
Event: 60.124 Thread 0x0000019e9f3be800 Exception <a 'java/lang/ClassNotFoundException'{0x00000000a770f738}: org/gradle/api/internal/file/collections/DefaultConfigurableFileCollectionCustomizer> (0x00000000a770f738) thrown at [src/hotspot/share/classfile/systemDictionary.cpp, line 230]
Event: 60.147 Thread 0x0000019e9f3be800 Exception <a 'java/lang/ClassNotFoundException'{0x00000000a77b5338}: org/gradle/api/internal/file/UnionFileCollectionBeanInfo> (0x00000000a77b5338) thrown at [src/hotspot/share/classfile/systemDictionary.cpp, line 230]
Event: 60.151 Thread 0x0000019e9f3be800 Exception <a 'java/lang/ClassNotFoundException'{0x00000000a77cda08}: org/gradle/api/internal/file/UnionFileCollectionCustomizer> (0x00000000a77cda08) thrown at [src/hotspot/share/classfile/systemDictionary.cpp, line 230]
Event: 63.445 Thread 0x0000019ea2c0f000 Exception <a 'java/lang/NoSuchMethodError'{0x00000000a8a6d500}: 'void java.lang.invoke.DirectMethodHandle$Holder.invokeVirtual(java.lang.Object, java.lang.Object)'> (0x00000000a8a6d500) thrown at [src/hotspot/share/interpreter/linkResolver.cpp, line 773]

Events (20 events):
Event: 64.579 Executing VM operation: RevokeBias
Event: 64.579 Executing VM operation: RevokeBias done
Event: 64.591 loading class org/apache/commons/io/output/ProxyOutputStream
Event: 64.591 loading class org/apache/commons/io/output/ProxyOutputStream done
Event: 64.604 loading class org/apache/commons/io/output/ClosedOutputStream
Event: 64.604 loading class org/apache/commons/io/output/ClosedOutputStream done
Event: 64.605 loading class org/gradle/process/internal/DefaultExecActionFactory$DecoratingExecActionFactory$1
Event: 64.605 loading class org/gradle/process/internal/DefaultExecActionFactory$DecoratingExecActionFactory$1 done
Event: 64.610 loading class groovy/runtime/metaclass/org/gradle/process/internal/DefaultExecAction_DecoratedMetaClass
Event: 64.610 loading class groovy/runtime/metaclass/org/gradle/process/internal/DefaultExecAction_DecoratedMetaClass done
Event: 64.619 Executing VM operation: RevokeBias
Event: 64.623 Executing VM operation: RevokeBias done
Event: 64.624 Executing VM operation: RevokeBias
Event: 64.624 Executing VM operation: RevokeBias done
Event: 64.627 loading class org/gradle/process/internal/DefaultExecAction_DecoratedBeanInfo
Event: 64.627 loading class org/gradle/process/internal/DefaultExecAction_DecoratedBeanInfo done
Event: 64.627 loading class org/gradle/process/internal/DefaultExecAction_DecoratedBeanInfo
Event: 64.627 loading class org/gradle/process/internal/DefaultExecAction_DecoratedBeanInfo done
Event: 64.628 loading class org/gradle/process/internal/DefaultExecAction_DecoratedBeanInfo
Event: 64.628 loading class org/gradle/process/internal/DefaultExecAction_DecoratedBeanInfo done


Dynamic libraries:
0x00007ff693140000 - 0x00007ff69314a000 	C:\Program Files\Android\Android Studio\jbr\bin\java.exe
0x00007ff8a6930000 - 0x00007ff8a6b28000 	C:\Windows\SYSTEM32\ntdll.dll
0x00007ff8a4d20000 - 0x00007ff8a4ddf000 	C:\Windows\System32\KERNEL32.DLL
0x00007ff8a4030000 - 0x00007ff8a4302000 	C:\Windows\System32\KERNELBASE.dll
0x00007ff8a43b0000 - 0x00007ff8a44b0000 	C:\Windows\System32\ucrtbase.dll
0x00007ff88d910000 - 0x00007ff88d92b000 	C:\Program Files\Android\Android Studio\jbr\bin\VCRUNTIME140.dll
0x00007ff88d930000 - 0x00007ff88d947000 	C:\Program Files\Android\Android Studio\jbr\bin\jli.dll
0x00007ff8a4ea0000 - 0x00007ff8a5041000 	C:\Windows\System32\USER32.dll
0x00007ff8a4650000 - 0x00007ff8a4672000 	C:\Windows\System32\win32u.dll
0x00007ff8a5950000 - 0x00007ff8a597b000 	C:\Windows\System32\GDI32.dll
0x00007ff8a44b0000 - 0x00007ff8a45bf000 	C:\Windows\System32\gdi32full.dll
0x00007ff8a4310000 - 0x00007ff8a43ad000 	C:\Windows\System32\msvcp_win.dll
0x00007ff88cdd0000 - 0x00007ff88d06a000 	C:\Windows\WinSxS\amd64_microsoft.windows.common-controls_6595b64144ccf1df_6.0.19041.1110_none_60b5254171f9507e\COMCTL32.dll
0x00007ff8a6840000 - 0x00007ff8a68de000 	C:\Windows\System32\msvcrt.dll
0x00007ff8a4cf0000 - 0x00007ff8a4d20000 	C:\Windows\System32\IMM32.DLL
0x00007ff88fed0000 - 0x00007ff88fedc000 	C:\Program Files\Android\Android Studio\jbr\bin\vcruntime140_1.dll
0x00007ff86d630000 - 0x00007ff86d6bd000 	C:\Program Files\Android\Android Studio\jbr\bin\msvcp140.dll
0x00007ff834d40000 - 0x00007ff8358fc000 	C:\Program Files\Android\Android Studio\jbr\bin\server\jvm.dll
0x00007ff8a5cd0000 - 0x00007ff8a5d7e000 	C:\Windows\System32\ADVAPI32.dll
0x00007ff8a5bd0000 - 0x00007ff8a5c6c000 	C:\Windows\System32\sechost.dll
0x00007ff8a6290000 - 0x00007ff8a63b4000 	C:\Windows\System32\RPCRT4.dll
0x00007ff8a4980000 - 0x00007ff8a4988000 	C:\Windows\System32\PSAPI.DLL
0x00007ff8873f0000 - 0x00007ff8873f9000 	C:\Windows\SYSTEM32\WSOCK32.dll
0x00007ff887380000 - 0x00007ff8873a7000 	C:\Windows\SYSTEM32\WINMM.dll
0x00007ff89ed10000 - 0x00007ff89ed1a000 	C:\Windows\SYSTEM32\VERSION.dll
0x00007ff8a5f10000 - 0x00007ff8a5f7b000 	C:\Windows\System32\WS2_32.dll
0x00007ff8a2880000 - 0x00007ff8a2892000 	C:\Windows\SYSTEM32\kernel.appcore.dll
0x00007ff89f6d0000 - 0x00007ff89f6e0000 	C:\Program Files\Android\Android Studio\jbr\bin\verify.dll
0x00007ff8a1de0000 - 0x00007ff8a1fc4000 	C:\Windows\SYSTEM32\DBGHELP.DLL
0x00007ff887670000 - 0x00007ff8876a5000 	C:\Windows\SYSTEM32\dbgcore.DLL
0x00007ff8a45c0000 - 0x00007ff8a4642000 	C:\Windows\System32\bcryptPrimitives.dll
0x00007ff89e1b0000 - 0x00007ff89e1d8000 	C:\Program Files\Android\Android Studio\jbr\bin\java.dll
0x00007ff89e8d0000 - 0x00007ff89e8da000 	C:\Program Files\Android\Android Studio\jbr\bin\jimage.dll
0x00007ff88ea80000 - 0x00007ff88ea98000 	C:\Program Files\Android\Android Studio\jbr\bin\zip.dll
0x00007ff8a5050000 - 0x00007ff8a5795000 	C:\Windows\System32\SHELL32.dll
0x00007ff8a20d0000 - 0x00007ff8a2862000 	C:\Windows\SYSTEM32\windows.storage.dll
0x00007ff8a4990000 - 0x00007ff8a4ce5000 	C:\Windows\System32\combase.dll
0x00007ff8a39b0000 - 0x00007ff8a39e0000 	C:\Windows\SYSTEM32\Wldp.dll
0x00007ff8a61c0000 - 0x00007ff8a626d000 	C:\Windows\System32\SHCORE.dll
0x00007ff8a4de0000 - 0x00007ff8a4e35000 	C:\Windows\System32\shlwapi.dll
0x00007ff8a3f70000 - 0x00007ff8a3f8f000 	C:\Windows\SYSTEM32\profapi.dll
0x00007ff88d970000 - 0x00007ff88d989000 	C:\Program Files\Android\Android Studio\jbr\bin\net.dll
0x00007ff89bfb0000 - 0x00007ff89c0ba000 	C:\Windows\SYSTEM32\WINHTTP.dll
0x00007ff8a3710000 - 0x00007ff8a377a000 	C:\Windows\system32\mswsock.dll
0x00007ff88d950000 - 0x00007ff88d963000 	C:\Program Files\Android\Android Studio\jbr\bin\nio.dll
0x00007ff887080000 - 0x00007ff8870a7000 	C:\Users\guada\.gradle\native\e1d6ef7f7dcc3fd88c89a11ec53ec762bb8ba0a96d01ffa2cd45eb1d1d8dd5c5\windows-amd64\native-platform.dll
0x00007ff840c90000 - 0x00007ff840dd4000 	C:\Users\guada\.gradle\native\0d407fdbe67a94daf76414ababcb853783967236a71b16ec16e742cd7a986fd3\windows-amd64\native-platform-file-events.dll
0x00007ff89e1a0000 - 0x00007ff89e1aa000 	C:\Program Files\Android\Android Studio\jbr\bin\management.dll
0x00007ff89d850000 - 0x00007ff89d85b000 	C:\Program Files\Android\Android Studio\jbr\bin\management_ext.dll
0x00007ff8a3900000 - 0x00007ff8a3918000 	C:\Windows\SYSTEM32\CRYPTSP.dll
0x00007ff8a3030000 - 0x00007ff8a3064000 	C:\Windows\system32\rsaenh.dll
0x00007ff8a46f0000 - 0x00007ff8a4717000 	C:\Windows\System32\bcrypt.dll
0x00007ff8a3f30000 - 0x00007ff8a3f5e000 	C:\Windows\SYSTEM32\USERENV.dll
0x00007ff8a3920000 - 0x00007ff8a392c000 	C:\Windows\SYSTEM32\CRYPTBASE.dll
0x00007ff8a3400000 - 0x00007ff8a343b000 	C:\Windows\SYSTEM32\IPHLPAPI.DLL
0x00007ff8a68e0000 - 0x00007ff8a68e8000 	C:\Windows\System32\NSI.dll
0x00007ff898680000 - 0x00007ff898697000 	C:\Windows\SYSTEM32\dhcpcsvc6.DLL
0x00007ff89a960000 - 0x00007ff89a97d000 	C:\Windows\SYSTEM32\dhcpcsvc.DLL
0x00007ff8a3440000 - 0x00007ff8a350b000 	C:\Windows\SYSTEM32\DNSAPI.dll

dbghelp: loaded successfully - version: 4.0.5 - missing functions: none
symbol engine: initialized successfully - sym options: 0x614 - pdb path: .;C:\Program Files\Android\Android Studio\jbr\bin;C:\Windows\SYSTEM32;C:\Windows\WinSxS\amd64_microsoft.windows.common-controls_6595b64144ccf1df_6.0.19041.1110_none_60b5254171f9507e;C:\Program Files\Android\Android Studio\jbr\bin\server;C:\Users\guada\.gradle\native\e1d6ef7f7dcc3fd88c89a11ec53ec762bb8ba0a96d01ffa2cd45eb1d1d8dd5c5\windows-amd64;C:\Users\guada\.gradle\native\0d407fdbe67a94daf76414ababcb853783967236a71b16ec16e742cd7a986fd3\windows-amd64

VM Arguments:
jvm_args: --add-opens=java.base/java.util=ALL-UNNAMED --add-opens=java.base/java.lang=ALL-UNNAMED --add-opens=java.base/java.lang.invoke=ALL-UNNAMED --add-opens=java.base/java.util=ALL-UNNAMED --add-opens=java.prefs/java.util.prefs=ALL-UNNAMED --add-opens=java.prefs/java.util.prefs=ALL-UNNAMED --add-opens=java.base/java.nio.charset=ALL-UNNAMED --add-opens=java.base/java.net=ALL-UNNAMED --add-opens=java.base/java.util.concurrent.atomic=ALL-UNNAMED -Xmx1536M -Dfile.encoding=windows-1252 -Duser.country=MX -Duser.language=es -Duser.variant 
java_command: org.gradle.launcher.daemon.bootstrap.GradleDaemon 7.5
java_class_path (initial): C:\Users\guada\.gradle\wrapper\dists\gradle-7.5-all\6qsw290k5lz422uaf8jf6m7co\gradle-7.5\lib\gradle-launcher-7.5.jar
Launcher Type: SUN_STANDARD

[Global flags]
     intx CICompilerCount                          = 3                                         {product} {ergonomic}
     uint ConcGCThreads                            = 1                                         {product} {ergonomic}
     uint G1ConcRefinementThreads                  = 4                                         {product} {ergonomic}
   size_t G1HeapRegionSize                         = 1048576                                   {product} {ergonomic}
    uintx GCDrainStackTargetSize                   = 64                                        {product} {ergonomic}
   size_t InitialHeapSize                          = 67108864                                  {product} {ergonomic}
   size_t MarkStackSize                            = 4194304                                   {product} {ergonomic}
   size_t MaxHeapSize                              = 1610612736                                {product} {command line}
   size_t MaxNewSize                               = 965738496                                 {product} {ergonomic}
   size_t MinHeapDeltaBytes                        = 1048576                                   {product} {ergonomic}
    uintx NonNMethodCodeHeapSize                   = 5830732                                {pd product} {ergonomic}
    uintx NonProfiledCodeHeapSize                  = 122913754                              {pd product} {ergonomic}
    uintx ProfiledCodeHeapSize                     = 122913754                              {pd product} {ergonomic}
    uintx ReservedCodeCacheSize                    = 251658240                              {pd product} {ergonomic}
     bool SegmentedCodeCache                       = true                                      {product} {ergonomic}
     bool UseCompressedClassPointers               = true                                 {lp64_product} {ergonomic}
     bool UseCompressedOops                        = true                                 {lp64_product} {ergonomic}
     bool UseG1GC                                  = true                                      {product} {ergonomic}
     bool UseLargePagesIndividualAllocation        = false                                  {pd product} {ergonomic}

Logging:
Log output configuration:
 #0: stdout all=warning uptime,level,tags
 #1: stderr all=off uptime,level,tags

Environment Variables:
JAVA_HOME=C:\Program Files\Android\Android Studio\jbr
CLASSPATH=E:\api_practica\android\\gradle\wrapper\gradle-wrapper.jar
PATH=C:\Program Files\Common Files\Oracle\Java\javapath;C:\Program Files (x86)\Common Files\Oracle\Java\javapath;C:\Windows\system32;C:\Windows;C:\Windows\System32\Wbem;C:\Windows\System32\WindowsPowerShell\v1.0\;C:\Windows\System32\OpenSSH\;C:\Program Files\Git\cmd;C:\Program Files\Azure Data Studio\bin;C:\Program Files (x86)\Microsoft SQL Server\150\Tools\Binn\;C:\Program Files\Microsoft SQL Server\150\Tools\Binn\;C:\Program Files (x86)\Microsoft SQL Server\150\DTS\Binn\;C:\Program Files\Microsoft SQL Server\150\DTS\Binn\;C:\Program Files\Microsoft SQL Server\Client SDK\ODBC\170\Tools\Binn\;C:\Program Files (x86)\Microsoft SQL Server\160\DTS\Binn\;C:\Program Files\Microsoft SQL Server\130\Tools\Binn\;C:\Program Files (x86)\Microsoft SQL Server\110\DTS\Binn\;C:\Program Files (x86)\Microsoft SQL Server\120\DTS\Binn\;C:\Program Files (x86)\Microsoft SQL Server\130\DTS\Binn\;C:\Program Files (x86)\Microsoft SQL Server\140\DTS\Binn\;C:\Users\guada\AppData\Local\Microsoft\WindowsApps;C:\Users\guada\AppData\Local\Programs\Microsoft VS Code\bin;C:\xampp\php;C:\src\flutter\bin;C:\Windows\System32;C:\Program Files\Git\bin\git.exe;C:\Program Files\Git\git-cmd.exe;C:\Users\guada\AppData\Local\Packages\PythonSoftwareFoundation.Python.3.10_qbz5n2kfra8p0\LocalCache\local-packages\Python310\Scripts;;C:\Program Files\JetBrains\PyCharm Community Edition 2022.3.2\bin;;C:\Program Files\Azure Data Studio\bin
USERNAME=guada
OS=Windows_NT
PROCESSOR_IDENTIFIER=Intel64 Family 6 Model 142 Stepping 9, GenuineIntel



---------------  S Y S T E M  ---------------

OS: Windows 10 , 64 bit Build 19041 (10.0.19041.2546)
OS uptime: 5 days 23:48 hours

CPU:total 4 (initial active 4) (2 cores per cpu, 2 threads per core) family 6 model 142 stepping 9 microcode 0xb4, cmov, cx8, fxsr, mmx, sse, sse2, sse3, ssse3, sse4.1, sse4.2, popcnt, avx, avx2, aes, clmul, erms, 3dnowpref, lzcnt, ht, tsc, tscinvbit, bmi1, bmi2, adx, fma

Memory: 4k page, system-wide physical 3979M (279M free)
TotalPageFile size 10197M (AvailPageFile size 4M)
current process WorkingSet (physical memory assigned to process): 206M, peak: 328M
current process commit charge ("private bytes"): 438M, peak: 443M

vm_info: OpenJDK 64-Bit Server VM (11.0.15+0-b2043.56-9505619) for windows-amd64 JRE (11.0.15+0-b2043.56-9505619), built on Jan 19 2023 02:48:00 by "builduser" with unknown MS VC++:1929

END.
